[0.024s] Invoking command in '/home/astondky/Desktop/robot_simulation_experiment_ws/build/robot_simulation_experiment': CMAKE_PREFIX_PATH=${CMAKE_PREFIX_PATH}:/opt/ros/jazzy DEBUGINFOD_URLS=https://debuginfod.ubuntu.com /usr/bin/cmake /home/astondky/Desktop/robot_simulation_experiment_ws/src/robot_simulation_experiment -DPython3_EXECUTABLE=/usr/bin/python3 -DCMAKE_INSTALL_PREFIX=/home/astondky/Desktop/robot_simulation_experiment_ws/install/robot_simulation_experiment
[0.207s] -- The C compiler identification is GNU 13.3.0
[0.391s] -- The CXX compiler identification is GNU 13.3.0
[0.427s] -- Detecting C compiler ABI info
[0.575s] -- Detecting C compiler ABI info - done
[0.594s] -- Check for working C compiler: /usr/bin/cc - skipped
[0.596s] -- Detecting C compile features
[0.598s] -- Detecting C compile features - done
[0.615s] -- Detecting CXX compiler ABI info
[0.780s] -- Detecting CXX compiler ABI info - done
[0.799s] -- Check for working CXX compiler: /usr/bin/c++ - skipped
[0.799s] -- Detecting CXX compile features
[0.800s] -- Detecting CXX compile features - done
[0.813s] -- Found ament_cmake: 2.5.6 (/opt/ros/jazzy/share/ament_cmake/cmake)
[1.056s] -- Found Python3: /usr/bin/python3 (found version "3.12.3") found components: Interpreter 
[1.300s] -- Found rclcpp: 28.1.18 (/opt/ros/jazzy/share/rclcpp/cmake)
[1.408s] -- Found rosidl_generator_c: 4.6.7 (/opt/ros/jazzy/share/rosidl_generator_c/cmake)
[1.438s] -- Found rosidl_generator_cpp: 4.6.7 (/opt/ros/jazzy/share/rosidl_generator_cpp/cmake)
[1.484s] -- Using all available rosidl_typesupport_c: rosidl_typesupport_fastrtps_c;rosidl_typesupport_introspection_c
[1.529s] -- Using all available rosidl_typesupport_cpp: rosidl_typesupport_fastrtps_cpp;rosidl_typesupport_introspection_cpp
[1.729s] -- Found rmw_implementation_cmake: 7.3.3 (/opt/ros/jazzy/share/rmw_implementation_cmake/cmake)
[1.737s] -- Found rmw_fastrtps_cpp: 8.4.3 (/opt/ros/jazzy/share/rmw_fastrtps_cpp/cmake)
[1.918s] -- Found OpenSSL: /usr/lib/x86_64-linux-gnu/libcrypto.so (found version "3.0.13")  
[1.962s] -- Found FastRTPS: /opt/ros/jazzy/include (Required is at least version "2.13") 
[2.005s] -- Using RMW implementation 'rmw_fastrtps_cpp' as default
[2.207s] -- Found std_msgs: 5.3.7 (/opt/ros/jazzy/share/std_msgs/cmake)
[2.251s] -- Found geometry_msgs: 5.3.7 (/opt/ros/jazzy/share/geometry_msgs/cmake)
[2.297s] -- Found sensor_msgs: 5.3.7 (/opt/ros/jazzy/share/sensor_msgs/cmake)
[2.366s] -- Found ament_lint_auto: 0.17.5 (/opt/ros/jazzy/share/ament_lint_auto/cmake)
[2.557s] -- Added test 'flake8' to check Python code syntax and style conventions
[2.557s] -- Configured 'flake8' exclude dirs and/or files: 
[2.558s] -- Added test 'lint_cmake' to check CMake code style
[2.559s] -- Added test 'pep257' to check Python code against some of the docstring style conventions in PEP 257
[2.561s] -- Added test 'xmllint' to check XML markup files
[2.565s] -- Configuring done (2.5s)
[2.573s] -- Generating done (0.0s)
[2.577s] -- Build files have been written to: /home/astondky/Desktop/robot_simulation_experiment_ws/build/robot_simulation_experiment
[2.595s] Invoked command in '/home/astondky/Desktop/robot_simulation_experiment_ws/build/robot_simulation_experiment' returned '0': CMAKE_PREFIX_PATH=${CMAKE_PREFIX_PATH}:/opt/ros/jazzy DEBUGINFOD_URLS=https://debuginfod.ubuntu.com /usr/bin/cmake /home/astondky/Desktop/robot_simulation_experiment_ws/src/robot_simulation_experiment -DPython3_EXECUTABLE=/usr/bin/python3 -DCMAKE_INSTALL_PREFIX=/home/astondky/Desktop/robot_simulation_experiment_ws/install/robot_simulation_experiment
[2.598s] Invoking command in '/home/astondky/Desktop/robot_simulation_experiment_ws/build/robot_simulation_experiment': CMAKE_PREFIX_PATH=${CMAKE_PREFIX_PATH}:/opt/ros/jazzy DEBUGINFOD_URLS=https://debuginfod.ubuntu.com /usr/bin/cmake --build /home/astondky/Desktop/robot_simulation_experiment_ws/build/robot_simulation_experiment -- -j16 -l16
[2.671s] Invoked command in '/home/astondky/Desktop/robot_simulation_experiment_ws/build/robot_simulation_experiment' returned '0': CMAKE_PREFIX_PATH=${CMAKE_PREFIX_PATH}:/opt/ros/jazzy DEBUGINFOD_URLS=https://debuginfod.ubuntu.com /usr/bin/cmake --build /home/astondky/Desktop/robot_simulation_experiment_ws/build/robot_simulation_experiment -- -j16 -l16
[2.688s] Invoking command in '/home/astondky/Desktop/robot_simulation_experiment_ws/build/robot_simulation_experiment': CMAKE_PREFIX_PATH=${CMAKE_PREFIX_PATH}:/opt/ros/jazzy DEBUGINFOD_URLS=https://debuginfod.ubuntu.com /usr/bin/cmake --install /home/astondky/Desktop/robot_simulation_experiment_ws/build/robot_simulation_experiment
[2.701s] -- Install configuration: ""
[2.701s] -- Installing: /home/astondky/Desktop/robot_simulation_experiment_ws/install/robot_simulation_experiment/lib/robot_simulation_experiment/control_eye_in_hand_ros2.py
[2.701s] -- Installing: /home/astondky/Desktop/robot_simulation_experiment_ws/install/robot_simulation_experiment/share/ament_index/resource_index/package_run_dependencies/robot_simulation_experiment
[2.702s] -- Installing: /home/astondky/Desktop/robot_simulation_experiment_ws/install/robot_simulation_experiment/share/ament_index/resource_index/parent_prefix_path/robot_simulation_experiment
[2.702s] -- Installing: /home/astondky/Desktop/robot_simulation_experiment_ws/install/robot_simulation_experiment/share/robot_simulation_experiment/environment/ament_prefix_path.sh
[2.702s] -- Installing: /home/astondky/Desktop/robot_simulation_experiment_ws/install/robot_simulation_experiment/share/robot_simulation_experiment/environment/ament_prefix_path.dsv
[2.702s] -- Installing: /home/astondky/Desktop/robot_simulation_experiment_ws/install/robot_simulation_experiment/share/robot_simulation_experiment/environment/path.sh
[2.703s] -- Installing: /home/astondky/Desktop/robot_simulation_experiment_ws/install/robot_simulation_experiment/share/robot_simulation_experiment/environment/path.dsv
[2.703s] -- Installing: /home/astondky/Desktop/robot_simulation_experiment_ws/install/robot_simulation_experiment/share/robot_simulation_experiment/local_setup.bash
[2.703s] -- Installing: /home/astondky/Desktop/robot_simulation_experiment_ws/install/robot_simulation_experiment/share/robot_simulation_experiment/local_setup.sh
[2.703s] -- Installing: /home/astondky/Desktop/robot_simulation_experiment_ws/install/robot_simulation_experiment/share/robot_simulation_experiment/local_setup.zsh
[2.703s] -- Installing: /home/astondky/Desktop/robot_simulation_experiment_ws/install/robot_simulation_experiment/share/robot_simulation_experiment/local_setup.dsv
[2.703s] -- Installing: /home/astondky/Desktop/robot_simulation_experiment_ws/install/robot_simulation_experiment/share/robot_simulation_experiment/package.dsv
[2.703s] -- Installing: /home/astondky/Desktop/robot_simulation_experiment_ws/install/robot_simulation_experiment/share/ament_index/resource_index/packages/robot_simulation_experiment
[2.704s] -- Installing: /home/astondky/Desktop/robot_simulation_experiment_ws/install/robot_simulation_experiment/share/robot_simulation_experiment/cmake/robot_simulation_experimentConfig.cmake
[2.704s] -- Installing: /home/astondky/Desktop/robot_simulation_experiment_ws/install/robot_simulation_experiment/share/robot_simulation_experiment/cmake/robot_simulation_experimentConfig-version.cmake
[2.704s] -- Installing: /home/astondky/Desktop/robot_simulation_experiment_ws/install/robot_simulation_experiment/share/robot_simulation_experiment/package.xml
[2.707s] Invoked command in '/home/astondky/Desktop/robot_simulation_experiment_ws/build/robot_simulation_experiment' returned '0': CMAKE_PREFIX_PATH=${CMAKE_PREFIX_PATH}:/opt/ros/jazzy DEBUGINFOD_URLS=https://debuginfod.ubuntu.com /usr/bin/cmake --install /home/astondky/Desktop/robot_simulation_experiment_ws/build/robot_simulation_experiment
