[0.303s] DEBUG:colcon:Command line arguments: ['/usr/bin/colcon', 'build', '--cmake-args', '-DPython3_EXECUTABLE=/usr/bin/python3']
[0.303s] DEBUG:colcon:Parsed command line arguments: Namespace(log_base=None, log_level=None, verb_name='build', build_base='build', install_base='install', merge_install=False, symlink_install=False, test_result_base=None, continue_on_error=False, executor='parallel', parallel_workers=16, event_handlers=None, ignore_user_meta=False, metas=['./colcon.meta'], base_paths=['.'], packages_ignore=None, packages_ignore_regex=None, paths=None, packages_up_to=None, packages_up_to_regex=None, packages_above=None, packages_above_and_dependencies=None, packages_above_depth=None, packages_select_by_dep=None, packages_skip_by_dep=None, packages_skip_up_to=None, packages_select_build_failed=False, packages_skip_build_finished=False, packages_select_test_failures=False, packages_skip_test_passed=False, packages_select=None, packages_skip=None, packages_select_regex=None, packages_skip_regex=None, packages_start=None, packages_end=None, allow_overriding=[], cmake_args=['-DPython3_EXECUTABLE=/usr/bin/python3'], cmake_target=None, cmake_target_skip_unavailable=False, cmake_clean_cache=False, cmake_clean_first=False, cmake_force_configure=False, ament_cmake_args=None, catkin_cmake_args=None, catkin_skip_building_tests=False, verb_parser=<colcon_defaults.argument_parser.defaults.DefaultArgumentsDecorator object at 0x7377d5b61190>, verb_extension=<colcon_core.verb.build.BuildVerb object at 0x7377d5c9df10>, main=<bound method BuildVerb.main of <colcon_core.verb.build.BuildVerb object at 0x7377d5c9df10>>)
[0.427s] Level 1:colcon.colcon_core.package_discovery:discover_packages(colcon_meta) check parameters
[0.428s] Level 1:colcon.colcon_core.package_discovery:discover_packages(recursive) check parameters
[0.428s] Level 1:colcon.colcon_core.package_discovery:discover_packages(ignore) check parameters
[0.428s] Level 1:colcon.colcon_core.package_discovery:discover_packages(path) check parameters
[0.428s] Level 1:colcon.colcon_core.package_discovery:discover_packages(colcon_meta) discover
[0.428s] Level 1:colcon.colcon_core.package_discovery:discover_packages(recursive) discover
[0.428s] INFO:colcon.colcon_core.package_discovery:Crawling recursively for packages in '/home/astondky/Desktop/robot_simulation_experiment_ws'
[0.428s] Level 1:colcon.colcon_core.package_identification:_identify(.) by extensions ['ignore', 'ignore_ament_install']
[0.428s] Level 1:colcon.colcon_core.package_identification:_identify(.) by extension 'ignore'
[0.429s] Level 1:colcon.colcon_core.package_identification:_identify(.) by extension 'ignore_ament_install'
[0.429s] Level 1:colcon.colcon_core.package_identification:_identify(.) by extensions ['colcon_pkg']
[0.429s] Level 1:colcon.colcon_core.package_identification:_identify(.) by extension 'colcon_pkg'
[0.429s] Level 1:colcon.colcon_core.package_identification:_identify(.) by extensions ['colcon_meta']
[0.429s] Level 1:colcon.colcon_core.package_identification:_identify(.) by extension 'colcon_meta'
[0.429s] Level 1:colcon.colcon_core.package_identification:_identify(.) by extensions ['ros']
[0.429s] Level 1:colcon.colcon_core.package_identification:_identify(.) by extension 'ros'
[0.478s] Level 1:colcon.colcon_core.package_identification:_identify(.) by extensions ['cmake', 'python']
[0.478s] Level 1:colcon.colcon_core.package_identification:_identify(.) by extension 'cmake'
[0.478s] Level 1:colcon.colcon_core.package_identification:_identify(.) by extension 'python'
[0.478s] Level 1:colcon.colcon_core.package_identification:_identify(.) by extensions ['python_setup_py']
[0.478s] Level 1:colcon.colcon_core.package_identification:_identify(.) by extension 'python_setup_py'
[0.478s] Level 1:colcon.colcon_core.package_identification:_identify(build) by extensions ['ignore', 'ignore_ament_install']
[0.478s] Level 1:colcon.colcon_core.package_identification:_identify(build) by extension 'ignore'
[0.479s] Level 1:colcon.colcon_core.package_identification:_identify(build) ignored
[0.479s] Level 1:colcon.colcon_core.package_identification:_identify(install) by extensions ['ignore', 'ignore_ament_install']
[0.479s] Level 1:colcon.colcon_core.package_identification:_identify(install) by extension 'ignore'
[0.479s] Level 1:colcon.colcon_core.package_identification:_identify(install) ignored
[0.479s] Level 1:colcon.colcon_core.package_identification:_identify(log) by extensions ['ignore', 'ignore_ament_install']
[0.479s] Level 1:colcon.colcon_core.package_identification:_identify(log) by extension 'ignore'
[0.479s] Level 1:colcon.colcon_core.package_identification:_identify(log) ignored
[0.479s] Level 1:colcon.colcon_core.package_identification:_identify(src) by extensions ['ignore', 'ignore_ament_install']
[0.480s] Level 1:colcon.colcon_core.package_identification:_identify(src) by extension 'ignore'
[0.480s] Level 1:colcon.colcon_core.package_identification:_identify(src) by extension 'ignore_ament_install'
[0.480s] Level 1:colcon.colcon_core.package_identification:_identify(src) by extensions ['colcon_pkg']
[0.480s] Level 1:colcon.colcon_core.package_identification:_identify(src) by extension 'colcon_pkg'
[0.480s] Level 1:colcon.colcon_core.package_identification:_identify(src) by extensions ['colcon_meta']
[0.480s] Level 1:colcon.colcon_core.package_identification:_identify(src) by extension 'colcon_meta'
[0.480s] Level 1:colcon.colcon_core.package_identification:_identify(src) by extensions ['ros']
[0.480s] Level 1:colcon.colcon_core.package_identification:_identify(src) by extension 'ros'
[0.480s] Level 1:colcon.colcon_core.package_identification:_identify(src) by extensions ['cmake', 'python']
[0.480s] Level 1:colcon.colcon_core.package_identification:_identify(src) by extension 'cmake'
[0.480s] Level 1:colcon.colcon_core.package_identification:_identify(src) by extension 'python'
[0.480s] Level 1:colcon.colcon_core.package_identification:_identify(src) by extensions ['python_setup_py']
[0.480s] Level 1:colcon.colcon_core.package_identification:_identify(src) by extension 'python_setup_py'
[0.481s] Level 1:colcon.colcon_core.package_identification:_identify(src/robot_simulation_experiment) by extensions ['ignore', 'ignore_ament_install']
[0.481s] Level 1:colcon.colcon_core.package_identification:_identify(src/robot_simulation_experiment) by extension 'ignore'
[0.481s] Level 1:colcon.colcon_core.package_identification:_identify(src/robot_simulation_experiment) by extension 'ignore_ament_install'
[0.481s] Level 1:colcon.colcon_core.package_identification:_identify(src/robot_simulation_experiment) by extensions ['colcon_pkg']
[0.481s] Level 1:colcon.colcon_core.package_identification:_identify(src/robot_simulation_experiment) by extension 'colcon_pkg'
[0.481s] Level 1:colcon.colcon_core.package_identification:_identify(src/robot_simulation_experiment) by extensions ['colcon_meta']
[0.481s] Level 1:colcon.colcon_core.package_identification:_identify(src/robot_simulation_experiment) by extension 'colcon_meta'
[0.481s] Level 1:colcon.colcon_core.package_identification:_identify(src/robot_simulation_experiment) by extensions ['ros']
[0.481s] Level 1:colcon.colcon_core.package_identification:_identify(src/robot_simulation_experiment) by extension 'ros'
[0.490s] DEBUG:colcon.colcon_core.package_identification:Package 'src/robot_simulation_experiment' with type 'ros.ament_cmake' and name 'robot_simulation_experiment'
[0.490s] Level 1:colcon.colcon_core.package_discovery:discover_packages(recursive) using defaults
[0.490s] Level 1:colcon.colcon_core.package_discovery:discover_packages(ignore) discover
[0.490s] Level 1:colcon.colcon_core.package_discovery:discover_packages(ignore) using defaults
[0.490s] Level 1:colcon.colcon_core.package_discovery:discover_packages(path) discover
[0.490s] Level 1:colcon.colcon_core.package_discovery:discover_packages(path) using defaults
[0.534s] Level 1:colcon.colcon_core.package_discovery:discover_packages(prefix_path) check parameters
[0.534s] Level 1:colcon.colcon_core.package_discovery:discover_packages(prefix_path) discover
[0.538s] WARNING:colcon.colcon_ros.prefix_path.ament:The path '/home/astondky/Desktop/robot_simulation_experiment_ws/install/robot_simulation_experiment' in the environment variable AMENT_PREFIX_PATH doesn't exist
[0.538s] WARNING:colcon.colcon_ros.prefix_path.catkin:The path '/home/astondky/Desktop/robot_simulation_experiment_ws/install/robot_simulation_experiment' in the environment variable CMAKE_PREFIX_PATH doesn't exist
[0.540s] DEBUG:colcon.colcon_installed_package_information.package_discovery:Found 0 installed packages in /home/astondky/Desktop/robot_simulation_experiment_ws/install
[0.543s] DEBUG:colcon.colcon_installed_package_information.package_discovery:Found 287 installed packages in /opt/ros/jazzy
[0.544s] Level 1:colcon.colcon_core.package_discovery:discover_packages(prefix_path) using defaults
[0.612s] Level 5:colcon.colcon_core.verb:set package 'robot_simulation_experiment' build argument 'cmake_args' from command line to '['-DPython3_EXECUTABLE=/usr/bin/python3']'
[0.613s] Level 5:colcon.colcon_core.verb:set package 'robot_simulation_experiment' build argument 'cmake_target' from command line to 'None'
[0.613s] Level 5:colcon.colcon_core.verb:set package 'robot_simulation_experiment' build argument 'cmake_target_skip_unavailable' from command line to 'False'
[0.613s] Level 5:colcon.colcon_core.verb:set package 'robot_simulation_experiment' build argument 'cmake_clean_cache' from command line to 'False'
[0.613s] Level 5:colcon.colcon_core.verb:set package 'robot_simulation_experiment' build argument 'cmake_clean_first' from command line to 'False'
[0.613s] Level 5:colcon.colcon_core.verb:set package 'robot_simulation_experiment' build argument 'cmake_force_configure' from command line to 'False'
[0.613s] Level 5:colcon.colcon_core.verb:set package 'robot_simulation_experiment' build argument 'ament_cmake_args' from command line to 'None'
[0.613s] Level 5:colcon.colcon_core.verb:set package 'robot_simulation_experiment' build argument 'catkin_cmake_args' from command line to 'None'
[0.613s] Level 5:colcon.colcon_core.verb:set package 'robot_simulation_experiment' build argument 'catkin_skip_building_tests' from command line to 'False'
[0.613s] DEBUG:colcon.colcon_core.verb:Building package 'robot_simulation_experiment' with the following arguments: {'ament_cmake_args': None, 'build_base': '/home/astondky/Desktop/robot_simulation_experiment_ws/build/robot_simulation_experiment', 'catkin_cmake_args': None, 'catkin_skip_building_tests': False, 'cmake_args': ['-DPython3_EXECUTABLE=/usr/bin/python3'], 'cmake_clean_cache': False, 'cmake_clean_first': False, 'cmake_force_configure': False, 'cmake_target': None, 'cmake_target_skip_unavailable': False, 'install_base': '/home/astondky/Desktop/robot_simulation_experiment_ws/install/robot_simulation_experiment', 'merge_install': False, 'path': '/home/astondky/Desktop/robot_simulation_experiment_ws/src/robot_simulation_experiment', 'symlink_install': False, 'test_result_base': None}
[0.613s] INFO:colcon.colcon_core.executor:Executing jobs using 'parallel' executor
[0.615s] DEBUG:colcon.colcon_parallel_executor.executor.parallel:run_until_complete
[0.615s] INFO:colcon.colcon_ros.task.ament_cmake.build:Building ROS package in '/home/astondky/Desktop/robot_simulation_experiment_ws/src/robot_simulation_experiment' with build type 'ament_cmake'
[0.616s] INFO:colcon.colcon_cmake.task.cmake.build:Building CMake package in '/home/astondky/Desktop/robot_simulation_experiment_ws/src/robot_simulation_experiment'
[0.626s] INFO:colcon.colcon_core.plugin_system:Skipping extension 'colcon_core.shell.bat': Not used on non-Windows systems
[0.626s] INFO:colcon.colcon_core.shell:Skip shell extension 'powershell' for command environment: Not usable outside of PowerShell
[0.626s] DEBUG:colcon.colcon_core.shell:Skip shell extension 'dsv' for command environment
[0.640s] DEBUG:colcon.colcon_core.event_handler.log_command:Invoking command in '/home/astondky/Desktop/robot_simulation_experiment_ws/build/robot_simulation_experiment': CMAKE_PREFIX_PATH=${CMAKE_PREFIX_PATH}:/opt/ros/jazzy DEBUGINFOD_URLS=https://debuginfod.ubuntu.com /usr/bin/cmake /home/astondky/Desktop/robot_simulation_experiment_ws/src/robot_simulation_experiment -DPython3_EXECUTABLE=/usr/bin/python3 -DCMAKE_INSTALL_PREFIX=/home/astondky/Desktop/robot_simulation_experiment_ws/install/robot_simulation_experiment
[3.211s] DEBUG:colcon.colcon_core.event_handler.log_command:Invoked command in '/home/astondky/Desktop/robot_simulation_experiment_ws/build/robot_simulation_experiment' returned '0': CMAKE_PREFIX_PATH=${CMAKE_PREFIX_PATH}:/opt/ros/jazzy DEBUGINFOD_URLS=https://debuginfod.ubuntu.com /usr/bin/cmake /home/astondky/Desktop/robot_simulation_experiment_ws/src/robot_simulation_experiment -DPython3_EXECUTABLE=/usr/bin/python3 -DCMAKE_INSTALL_PREFIX=/home/astondky/Desktop/robot_simulation_experiment_ws/install/robot_simulation_experiment
[3.214s] DEBUG:colcon.colcon_core.event_handler.log_command:Invoking command in '/home/astondky/Desktop/robot_simulation_experiment_ws/build/robot_simulation_experiment': CMAKE_PREFIX_PATH=${CMAKE_PREFIX_PATH}:/opt/ros/jazzy DEBUGINFOD_URLS=https://debuginfod.ubuntu.com /usr/bin/cmake --build /home/astondky/Desktop/robot_simulation_experiment_ws/build/robot_simulation_experiment -- -j16 -l16
[3.287s] DEBUG:colcon.colcon_core.event_handler.log_command:Invoked command in '/home/astondky/Desktop/robot_simulation_experiment_ws/build/robot_simulation_experiment' returned '0': CMAKE_PREFIX_PATH=${CMAKE_PREFIX_PATH}:/opt/ros/jazzy DEBUGINFOD_URLS=https://debuginfod.ubuntu.com /usr/bin/cmake --build /home/astondky/Desktop/robot_simulation_experiment_ws/build/robot_simulation_experiment -- -j16 -l16
[3.304s] DEBUG:colcon.colcon_core.event_handler.log_command:Invoking command in '/home/astondky/Desktop/robot_simulation_experiment_ws/build/robot_simulation_experiment': CMAKE_PREFIX_PATH=${CMAKE_PREFIX_PATH}:/opt/ros/jazzy DEBUGINFOD_URLS=https://debuginfod.ubuntu.com /usr/bin/cmake --install /home/astondky/Desktop/robot_simulation_experiment_ws/build/robot_simulation_experiment
[3.322s] Level 1:colcon.colcon_core.environment:create_environment_scripts_only(robot_simulation_experiment)
[3.323s] DEBUG:colcon.colcon_core.event_handler.log_command:Invoked command in '/home/astondky/Desktop/robot_simulation_experiment_ws/build/robot_simulation_experiment' returned '0': CMAKE_PREFIX_PATH=${CMAKE_PREFIX_PATH}:/opt/ros/jazzy DEBUGINFOD_URLS=https://debuginfod.ubuntu.com /usr/bin/cmake --install /home/astondky/Desktop/robot_simulation_experiment_ws/build/robot_simulation_experiment
[3.337s] Level 1:colcon.colcon_core.environment:checking '/home/astondky/Desktop/robot_simulation_experiment_ws/install/robot_simulation_experiment' for CMake module files
[3.338s] Level 1:colcon.colcon_core.environment:checking '/home/astondky/Desktop/robot_simulation_experiment_ws/install/robot_simulation_experiment' for CMake config files
[3.338s] Level 1:colcon.colcon_core.shell:create_environment_hook('robot_simulation_experiment', 'cmake_prefix_path')
[3.338s] INFO:colcon.colcon_core.shell:Creating environment hook '/home/astondky/Desktop/robot_simulation_experiment_ws/install/robot_simulation_experiment/share/robot_simulation_experiment/hook/cmake_prefix_path.ps1'
[3.340s] INFO:colcon.colcon_core.shell:Creating environment descriptor '/home/astondky/Desktop/robot_simulation_experiment_ws/install/robot_simulation_experiment/share/robot_simulation_experiment/hook/cmake_prefix_path.dsv'
[3.341s] INFO:colcon.colcon_core.shell:Creating environment hook '/home/astondky/Desktop/robot_simulation_experiment_ws/install/robot_simulation_experiment/share/robot_simulation_experiment/hook/cmake_prefix_path.sh'
[3.344s] Level 1:colcon.colcon_core.environment:checking '/home/astondky/Desktop/robot_simulation_experiment_ws/install/robot_simulation_experiment/lib'
[3.344s] Level 1:colcon.colcon_core.environment:checking '/home/astondky/Desktop/robot_simulation_experiment_ws/install/robot_simulation_experiment/bin'
[3.344s] Level 1:colcon.colcon_core.environment:checking '/home/astondky/Desktop/robot_simulation_experiment_ws/install/robot_simulation_experiment/lib/pkgconfig/robot_simulation_experiment.pc'
[3.345s] Level 1:colcon.colcon_core.environment:checking '/home/astondky/Desktop/robot_simulation_experiment_ws/install/robot_simulation_experiment/lib/python3.12/site-packages'
[3.345s] Level 1:colcon.colcon_core.environment:checking '/home/astondky/Desktop/robot_simulation_experiment_ws/install/robot_simulation_experiment/bin'
[3.346s] INFO:colcon.colcon_core.shell:Creating package script '/home/astondky/Desktop/robot_simulation_experiment_ws/install/robot_simulation_experiment/share/robot_simulation_experiment/package.ps1'
[3.348s] INFO:colcon.colcon_core.shell:Creating package descriptor '/home/astondky/Desktop/robot_simulation_experiment_ws/install/robot_simulation_experiment/share/robot_simulation_experiment/package.dsv'
[3.349s] INFO:colcon.colcon_core.shell:Creating package script '/home/astondky/Desktop/robot_simulation_experiment_ws/install/robot_simulation_experiment/share/robot_simulation_experiment/package.sh'
[3.351s] INFO:colcon.colcon_core.shell:Creating package script '/home/astondky/Desktop/robot_simulation_experiment_ws/install/robot_simulation_experiment/share/robot_simulation_experiment/package.bash'
[3.353s] INFO:colcon.colcon_core.shell:Creating package script '/home/astondky/Desktop/robot_simulation_experiment_ws/install/robot_simulation_experiment/share/robot_simulation_experiment/package.zsh'
[3.355s] Level 1:colcon.colcon_core.environment:create_file_with_runtime_dependencies(/home/astondky/Desktop/robot_simulation_experiment_ws/install/robot_simulation_experiment/share/colcon-core/packages/robot_simulation_experiment)
[3.356s] Level 1:colcon.colcon_core.environment:create_environment_scripts_only(robot_simulation_experiment)
[3.356s] Level 1:colcon.colcon_core.environment:checking '/home/astondky/Desktop/robot_simulation_experiment_ws/install/robot_simulation_experiment' for CMake module files
[3.357s] Level 1:colcon.colcon_core.environment:checking '/home/astondky/Desktop/robot_simulation_experiment_ws/install/robot_simulation_experiment' for CMake config files
[3.357s] Level 1:colcon.colcon_core.shell:create_environment_hook('robot_simulation_experiment', 'cmake_prefix_path')
[3.358s] INFO:colcon.colcon_core.shell:Creating environment hook '/home/astondky/Desktop/robot_simulation_experiment_ws/install/robot_simulation_experiment/share/robot_simulation_experiment/hook/cmake_prefix_path.ps1'
[3.358s] INFO:colcon.colcon_core.shell:Creating environment descriptor '/home/astondky/Desktop/robot_simulation_experiment_ws/install/robot_simulation_experiment/share/robot_simulation_experiment/hook/cmake_prefix_path.dsv'
[3.359s] INFO:colcon.colcon_core.shell:Creating environment hook '/home/astondky/Desktop/robot_simulation_experiment_ws/install/robot_simulation_experiment/share/robot_simulation_experiment/hook/cmake_prefix_path.sh'
[3.360s] Level 1:colcon.colcon_core.environment:checking '/home/astondky/Desktop/robot_simulation_experiment_ws/install/robot_simulation_experiment/lib'
[3.360s] Level 1:colcon.colcon_core.environment:checking '/home/astondky/Desktop/robot_simulation_experiment_ws/install/robot_simulation_experiment/bin'
[3.360s] Level 1:colcon.colcon_core.environment:checking '/home/astondky/Desktop/robot_simulation_experiment_ws/install/robot_simulation_experiment/lib/pkgconfig/robot_simulation_experiment.pc'
[3.361s] Level 1:colcon.colcon_core.environment:checking '/home/astondky/Desktop/robot_simulation_experiment_ws/install/robot_simulation_experiment/lib/python3.12/site-packages'
[3.361s] Level 1:colcon.colcon_core.environment:checking '/home/astondky/Desktop/robot_simulation_experiment_ws/install/robot_simulation_experiment/bin'
[3.362s] INFO:colcon.colcon_core.shell:Creating package script '/home/astondky/Desktop/robot_simulation_experiment_ws/install/robot_simulation_experiment/share/robot_simulation_experiment/package.ps1'
[3.363s] INFO:colcon.colcon_core.shell:Creating package descriptor '/home/astondky/Desktop/robot_simulation_experiment_ws/install/robot_simulation_experiment/share/robot_simulation_experiment/package.dsv'
[3.364s] INFO:colcon.colcon_core.shell:Creating package script '/home/astondky/Desktop/robot_simulation_experiment_ws/install/robot_simulation_experiment/share/robot_simulation_experiment/package.sh'
[3.364s] INFO:colcon.colcon_core.shell:Creating package script '/home/astondky/Desktop/robot_simulation_experiment_ws/install/robot_simulation_experiment/share/robot_simulation_experiment/package.bash'
[3.365s] INFO:colcon.colcon_core.shell:Creating package script '/home/astondky/Desktop/robot_simulation_experiment_ws/install/robot_simulation_experiment/share/robot_simulation_experiment/package.zsh'
[3.366s] Level 1:colcon.colcon_core.environment:create_file_with_runtime_dependencies(/home/astondky/Desktop/robot_simulation_experiment_ws/install/robot_simulation_experiment/share/colcon-core/packages/robot_simulation_experiment)
[3.366s] DEBUG:colcon.colcon_parallel_executor.executor.parallel:closing loop
[3.367s] DEBUG:colcon.colcon_parallel_executor.executor.parallel:loop closed
[3.367s] DEBUG:colcon.colcon_parallel_executor.executor.parallel:run_until_complete finished with '0'
[3.367s] DEBUG:colcon.colcon_core.event_reactor:joining thread
[3.381s] INFO:colcon.colcon_core.plugin_system:Skipping extension 'colcon_notification.desktop_notification.terminal_notifier': Not used on non-Darwin systems
[3.381s] INFO:colcon.colcon_core.plugin_system:Skipping extension 'colcon_notification.desktop_notification.win32': Not used on non-Windows systems
[3.381s] INFO:colcon.colcon_notification.desktop_notification:Sending desktop notification using 'notify2'
[3.416s] DEBUG:colcon.colcon_core.event_reactor:joined thread
[3.416s] INFO:colcon.colcon_core.shell:Creating prefix script '/home/astondky/Desktop/robot_simulation_experiment_ws/install/local_setup.ps1'
[3.418s] INFO:colcon.colcon_core.shell:Creating prefix util module '/home/astondky/Desktop/robot_simulation_experiment_ws/install/_local_setup_util_ps1.py'
[3.421s] INFO:colcon.colcon_core.shell:Creating prefix chain script '/home/astondky/Desktop/robot_simulation_experiment_ws/install/setup.ps1'
[3.423s] INFO:colcon.colcon_core.shell:Creating prefix script '/home/astondky/Desktop/robot_simulation_experiment_ws/install/local_setup.sh'
[3.424s] INFO:colcon.colcon_core.shell:Creating prefix util module '/home/astondky/Desktop/robot_simulation_experiment_ws/install/_local_setup_util_sh.py'
[3.425s] INFO:colcon.colcon_core.shell:Creating prefix chain script '/home/astondky/Desktop/robot_simulation_experiment_ws/install/setup.sh'
[3.427s] INFO:colcon.colcon_core.shell:Creating prefix script '/home/astondky/Desktop/robot_simulation_experiment_ws/install/local_setup.bash'
[3.428s] INFO:colcon.colcon_core.shell:Creating prefix chain script '/home/astondky/Desktop/robot_simulation_experiment_ws/install/setup.bash'
[3.430s] INFO:colcon.colcon_core.shell:Creating prefix script '/home/astondky/Desktop/robot_simulation_experiment_ws/install/local_setup.zsh'
[3.431s] INFO:colcon.colcon_core.shell:Creating prefix chain script '/home/astondky/Desktop/robot_simulation_experiment_ws/install/setup.zsh'
